{"name":"1 - Покупка iphone","status":"broken","statusDetails":{"known":false,"muted":false,"flaky":false,"message":"unknown error: Element <div data-test-id=\"header-my-ozon-icon\" class=\"_651b6 _8f882\" data-v-febbae54=\"\">...</div> is not clickable at point (1225, 64). Other element would receive the click: <div data-v-707fc7a2=\"\" data-v-febbae54=\"\" class=\"modal-wrapper\">...</div>\n  (Session info: chrome=75.0.3770.142)\n  (Driver info: chromedriver=2.43.600210 (68dcf5eebde37173d4027fa8635e332711d2874a),platform=Windows NT 10.0.14393 x86_64) (WARNING: The server did not provide any stacktrace information)\nCommand duration or timeout: 0 milliseconds\nBuild info: version: '3.14.0', revision: 'aacccce0', time: '2018-08-02T20:19:58.91Z'\nSystem info: host: 'DESKTOP-N5I6HRK', ip: '192.168.1.71', os.name: 'Windows 10', os.arch: 'amd64', os.version: '10.0', java.version: '12.0.1'\nDriver info: org.openqa.selenium.chrome.ChromeDriver\nCapabilities {acceptInsecureCerts: false, acceptSslCerts: false, applicationCacheEnabled: false, browserConnectionEnabled: false, browserName: chrome, chrome: {chromedriverVersion: 2.43.600210 (68dcf5eebde371..., userDataDir: C:\\Users\\rbtcnbl\\AppData\\Lo...}, cssSelectorsEnabled: true, databaseEnabled: false, goog:chromeOptions: {debuggerAddress: localhost:55281}, handlesAlerts: true, hasTouchScreen: false, javascriptEnabled: true, locationContextEnabled: true, mobileEmulationEnabled: false, nativeEvents: true, networkConnectionEnabled: false, pageLoadStrategy: normal, platform: XP, platformName: XP, rotatable: false, setWindowRect: true, takesHeapSnapshot: true, takesScreenshot: true, unexpectedAlertBehaviour: , unhandledPromptBehavior: , version: 75.0.3770.142, webStorageEnabled: true}\nSession ID: 050b94388384891a4da813ef3b312391","trace":"org.openqa.selenium.WebDriverException: unknown error: Element <div data-test-id=\"header-my-ozon-icon\" class=\"_651b6 _8f882\" data-v-febbae54=\"\">...</div> is not clickable at point (1225, 64). Other element would receive the click: <div data-v-707fc7a2=\"\" data-v-febbae54=\"\" class=\"modal-wrapper\">...</div>\n  (Session info: chrome=75.0.3770.142)\n  (Driver info: chromedriver=2.43.600210 (68dcf5eebde37173d4027fa8635e332711d2874a),platform=Windows NT 10.0.14393 x86_64) (WARNING: The server did not provide any stacktrace information)\nCommand duration or timeout: 0 milliseconds\nBuild info: version: '3.14.0', revision: 'aacccce0', time: '2018-08-02T20:19:58.91Z'\nSystem info: host: 'DESKTOP-N5I6HRK', ip: '192.168.1.71', os.name: 'Windows 10', os.arch: 'amd64', os.version: '10.0', java.version: '12.0.1'\nDriver info: org.openqa.selenium.chrome.ChromeDriver\nCapabilities {acceptInsecureCerts: false, acceptSslCerts: false, applicationCacheEnabled: false, browserConnectionEnabled: false, browserName: chrome, chrome: {chromedriverVersion: 2.43.600210 (68dcf5eebde371..., userDataDir: C:\\Users\\rbtcnbl\\AppData\\Lo...}, cssSelectorsEnabled: true, databaseEnabled: false, goog:chromeOptions: {debuggerAddress: localhost:55281}, handlesAlerts: true, hasTouchScreen: false, javascriptEnabled: true, locationContextEnabled: true, mobileEmulationEnabled: false, nativeEvents: true, networkConnectionEnabled: false, pageLoadStrategy: normal, platform: XP, platformName: XP, rotatable: false, setWindowRect: true, takesHeapSnapshot: true, takesScreenshot: true, unexpectedAlertBehaviour: , unhandledPromptBehavior: , version: 75.0.3770.142, webStorageEnabled: true}\nSession ID: 050b94388384891a4da813ef3b312391\r\n\tat java.base/jdk.internal.reflect.NativeConstructorAccessorImpl.newInstance0(Native Method)\r\n\tat java.base/jdk.internal.reflect.NativeConstructorAccessorImpl.newInstance(NativeConstructorAccessorImpl.java:62)\r\n\tat java.base/jdk.internal.reflect.DelegatingConstructorAccessorImpl.newInstance(DelegatingConstructorAccessorImpl.java:45)\r\n\tat java.base/java.lang.reflect.Constructor.newInstanceWithCaller(Constructor.java:500)\r\n\tat java.base/java.lang.reflect.Constructor.newInstance(Constructor.java:481)\r\n\tat org.openqa.selenium.remote.ErrorHandler.createThrowable(ErrorHandler.java:214)\r\n\tat org.openqa.selenium.remote.ErrorHandler.throwIfResponseFailed(ErrorHandler.java:166)\r\n\tat org.openqa.selenium.remote.http.JsonHttpResponseCodec.reconstructValue(JsonHttpResponseCodec.java:40)\r\n\tat org.openqa.selenium.remote.http.AbstractHttpResponseCodec.decode(AbstractHttpResponseCodec.java:80)\r\n\tat org.openqa.selenium.remote.http.AbstractHttpResponseCodec.decode(AbstractHttpResponseCodec.java:44)\r\n\tat org.openqa.selenium.remote.HttpCommandExecutor.execute(HttpCommandExecutor.java:158)\r\n\tat org.openqa.selenium.remote.service.DriverCommandExecutor.execute(DriverCommandExecutor.java:83)\r\n\tat org.openqa.selenium.remote.RemoteWebDriver.execute(RemoteWebDriver.java:548)\r\n\tat org.openqa.selenium.remote.RemoteWebElement.execute(RemoteWebElement.java:276)\r\n\tat org.openqa.selenium.remote.RemoteWebElement.click(RemoteWebElement.java:83)\r\n\tat java.base/jdk.internal.reflect.NativeMethodAccessorImpl.invoke0(Native Method)\r\n\tat java.base/jdk.internal.reflect.NativeMethodAccessorImpl.invoke(NativeMethodAccessorImpl.java:62)\r\n\tat java.base/jdk.internal.reflect.DelegatingMethodAccessorImpl.invoke(DelegatingMethodAccessorImpl.java:43)\r\n\tat java.base/java.lang.reflect.Method.invoke(Method.java:567)\r\n\tat org.openqa.selenium.support.pagefactory.internal.LocatingElementHandler.invoke(LocatingElementHandler.java:51)\r\n\tat com.sun.proxy.$Proxy19.click(Unknown Source)\r\n\tat ru.steps.MainSteps.stepExitAccount(MainSteps.java:32)\r\n\tat ru.steps.ScenarioSteps.selectExit(ScenarioSteps.java:87)\r\n\tat ✽.выходим из Аккаунта(file:src/test/resources/deposit.feature:18)\r\n"},"stage":"finished","steps":[{"name":"*  выбран пункт меню \"Авторизация\"","status":"passed","statusDetails":{"known":false,"muted":false,"flaky":false},"stage":"finished","steps":[{"name":"Выбираем пункт Войти","status":"passed","stage":"finished","steps":[],"attachments":[],"parameters":[],"start":1564383547144,"stop":1564383547545}],"attachments":[],"parameters":[],"start":1564383546992,"stop":1564383547551},{"name":"*  выбираем вход по почте","status":"passed","statusDetails":{"known":false,"muted":false,"flaky":false},"stage":"finished","steps":[{"name":"Выполняем вход по почте","status":"passed","stage":"finished","steps":[],"attachments":[],"parameters":[],"start":1564383547552,"stop":1564383547772}],"attachments":[],"parameters":[],"start":1564383547552,"stop":1564383547773},{"name":"*  заполняем поле \"Почта\" значением \"kirusha.men@mail.ru\"","status":"passed","statusDetails":{"known":false,"muted":false,"flaky":false},"stage":"finished","steps":[{"name":"Заполняем почту","status":"passed","stage":"finished","steps":[],"attachments":[],"parameters":[{"name":"name","value":"Почта"},{"name":"mail","value":"kirusha.men@mail.ru"}],"start":1564383547774,"stop":1564383548150}],"attachments":[],"parameters":[],"start":1564383547773,"stop":1564383548151},{"name":"*  заполняем \"Пароль\" значением \"iq93ee78iq\"","status":"passed","statusDetails":{"known":false,"muted":false,"flaky":false},"stage":"finished","steps":[{"name":"Заполняем пароль","status":"passed","stage":"finished","steps":[],"attachments":[],"parameters":[{"name":"name","value":"Пароль"},{"name":"pass","value":"iq93ee78iq"}],"start":1564383548151,"stop":1564383548342}],"attachments":[],"parameters":[],"start":1564383548151,"stop":1564383548342},{"name":"*  нажимаем \"Войти\"","status":"passed","statusDetails":{"known":false,"muted":false,"flaky":false},"stage":"finished","steps":[{"name":"Входим в аккаунт","status":"passed","stage":"finished","steps":[],"attachments":[],"parameters":[],"start":1564383548343,"stop":1564383548438}],"attachments":[],"parameters":[],"start":1564383548342,"stop":1564383548439},{"name":"*  вводим в поле \"Поиск по Ozon\" значение \"iphone\" и выполняем поиск","status":"passed","statusDetails":{"known":false,"muted":false,"flaky":false},"stage":"finished","steps":[{"name":"Заполняем строку поиска значением - iphone","status":"passed","stage":"finished","steps":[],"attachments":[],"parameters":[{"name":"name","value":"Поиск по Ozon"},{"name":"text","value":"iphone"}],"start":1564383548440,"stop":1564383551994}],"attachments":[],"parameters":[],"start":1564383548439,"stop":1564383551995},{"name":"*  ограничим \"Максимальная цена\" до \"60000\"","status":"passed","statusDetails":{"known":false,"muted":false,"flaky":false},"stage":"finished","steps":[{"name":"Цена ограничена до - 60000","status":"passed","stage":"finished","steps":[],"attachments":[],"parameters":[{"name":"name","value":"Максимальная цена"},{"name":"value","value":"60000"}],"start":1564383551996,"stop":1564383553017}],"attachments":[],"parameters":[],"start":1564383551995,"stop":1564383553018},{"name":"*  добавим товары  \"В корзину\"","status":"passed","statusDetails":{"known":false,"muted":false,"flaky":false},"stage":"finished","steps":[{"name":"Добавляем товары в корзину","status":"passed","stage":"finished","steps":[],"attachments":[],"parameters":[],"start":1564383553018,"stop":1564383558719}],"attachments":[],"parameters":[],"start":1564383553018,"stop":1564383558719},{"name":"*  выбираем пункт  \"Корзина\"","status":"passed","statusDetails":{"known":false,"muted":false,"flaky":false},"stage":"finished","steps":[{"name":"Выполнен переход в корзину","status":"passed","stage":"finished","steps":[],"attachments":[],"parameters":[],"start":1564383558720,"stop":1564383559551}],"attachments":[],"parameters":[],"start":1564383558719,"stop":1564383559551},{"name":"*  переходим к очистке  Корзины","status":"passed","statusDetails":{"known":false,"muted":false,"flaky":false},"stage":"finished","steps":[{"name":"Удалены все товары","status":"passed","stage":"finished","steps":[],"attachments":[],"parameters":[],"start":1564383559552,"stop":1564383560692}],"attachments":[],"parameters":[],"start":1564383559551,"stop":1564383560693},{"name":"*  выходим из Аккаунта","status":"broken","statusDetails":{"known":false,"muted":false,"flaky":false,"message":"unknown error: Element <div data-test-id=\"header-my-ozon-icon\" class=\"_651b6 _8f882\" data-v-febbae54=\"\">...</div> is not clickable at point (1225, 64). Other element would receive the click: <div data-v-707fc7a2=\"\" data-v-febbae54=\"\" class=\"modal-wrapper\">...</div>\n  (Session info: chrome=75.0.3770.142)\n  (Driver info: chromedriver=2.43.600210 (68dcf5eebde37173d4027fa8635e332711d2874a),platform=Windows NT 10.0.14393 x86_64) (WARNING: The server did not provide any stacktrace information)\nCommand duration or timeout: 0 milliseconds\nBuild info: version: '3.14.0', revision: 'aacccce0', time: '2018-08-02T20:19:58.91Z'\nSystem info: host: 'DESKTOP-N5I6HRK', ip: '192.168.1.71', os.name: 'Windows 10', os.arch: 'amd64', os.version: '10.0', java.version: '12.0.1'\nDriver info: org.openqa.selenium.chrome.ChromeDriver\nCapabilities {acceptInsecureCerts: false, acceptSslCerts: false, applicationCacheEnabled: false, browserConnectionEnabled: false, browserName: chrome, chrome: {chromedriverVersion: 2.43.600210 (68dcf5eebde371..., userDataDir: C:\\Users\\rbtcnbl\\AppData\\Lo...}, cssSelectorsEnabled: true, databaseEnabled: false, goog:chromeOptions: {debuggerAddress: localhost:55281}, handlesAlerts: true, hasTouchScreen: false, javascriptEnabled: true, locationContextEnabled: true, mobileEmulationEnabled: false, nativeEvents: true, networkConnectionEnabled: false, pageLoadStrategy: normal, platform: XP, platformName: XP, rotatable: false, setWindowRect: true, takesHeapSnapshot: true, takesScreenshot: true, unexpectedAlertBehaviour: , unhandledPromptBehavior: , version: 75.0.3770.142, webStorageEnabled: true}\nSession ID: 050b94388384891a4da813ef3b312391","trace":"org.openqa.selenium.WebDriverException: unknown error: Element <div data-test-id=\"header-my-ozon-icon\" class=\"_651b6 _8f882\" data-v-febbae54=\"\">...</div> is not clickable at point (1225, 64). Other element would receive the click: <div data-v-707fc7a2=\"\" data-v-febbae54=\"\" class=\"modal-wrapper\">...</div>\n  (Session info: chrome=75.0.3770.142)\n  (Driver info: chromedriver=2.43.600210 (68dcf5eebde37173d4027fa8635e332711d2874a),platform=Windows NT 10.0.14393 x86_64) (WARNING: The server did not provide any stacktrace information)\nCommand duration or timeout: 0 milliseconds\nBuild info: version: '3.14.0', revision: 'aacccce0', time: '2018-08-02T20:19:58.91Z'\nSystem info: host: 'DESKTOP-N5I6HRK', ip: '192.168.1.71', os.name: 'Windows 10', os.arch: 'amd64', os.version: '10.0', java.version: '12.0.1'\nDriver info: org.openqa.selenium.chrome.ChromeDriver\nCapabilities {acceptInsecureCerts: false, acceptSslCerts: false, applicationCacheEnabled: false, browserConnectionEnabled: false, browserName: chrome, chrome: {chromedriverVersion: 2.43.600210 (68dcf5eebde371..., userDataDir: C:\\Users\\rbtcnbl\\AppData\\Lo...}, cssSelectorsEnabled: true, databaseEnabled: false, goog:chromeOptions: {debuggerAddress: localhost:55281}, handlesAlerts: true, hasTouchScreen: false, javascriptEnabled: true, locationContextEnabled: true, mobileEmulationEnabled: false, nativeEvents: true, networkConnectionEnabled: false, pageLoadStrategy: normal, platform: XP, platformName: XP, rotatable: false, setWindowRect: true, takesHeapSnapshot: true, takesScreenshot: true, unexpectedAlertBehaviour: , unhandledPromptBehavior: , version: 75.0.3770.142, webStorageEnabled: true}\nSession ID: 050b94388384891a4da813ef3b312391\r\n\tat java.base/jdk.internal.reflect.NativeConstructorAccessorImpl.newInstance0(Native Method)\r\n\tat java.base/jdk.internal.reflect.NativeConstructorAccessorImpl.newInstance(NativeConstructorAccessorImpl.java:62)\r\n\tat java.base/jdk.internal.reflect.DelegatingConstructorAccessorImpl.newInstance(DelegatingConstructorAccessorImpl.java:45)\r\n\tat java.base/java.lang.reflect.Constructor.newInstanceWithCaller(Constructor.java:500)\r\n\tat java.base/java.lang.reflect.Constructor.newInstance(Constructor.java:481)\r\n\tat org.openqa.selenium.remote.ErrorHandler.createThrowable(ErrorHandler.java:214)\r\n\tat org.openqa.selenium.remote.ErrorHandler.throwIfResponseFailed(ErrorHandler.java:166)\r\n\tat org.openqa.selenium.remote.http.JsonHttpResponseCodec.reconstructValue(JsonHttpResponseCodec.java:40)\r\n\tat org.openqa.selenium.remote.http.AbstractHttpResponseCodec.decode(AbstractHttpResponseCodec.java:80)\r\n\tat org.openqa.selenium.remote.http.AbstractHttpResponseCodec.decode(AbstractHttpResponseCodec.java:44)\r\n\tat org.openqa.selenium.remote.HttpCommandExecutor.execute(HttpCommandExecutor.java:158)\r\n\tat org.openqa.selenium.remote.service.DriverCommandExecutor.execute(DriverCommandExecutor.java:83)\r\n\tat org.openqa.selenium.remote.RemoteWebDriver.execute(RemoteWebDriver.java:548)\r\n\tat org.openqa.selenium.remote.RemoteWebElement.execute(RemoteWebElement.java:276)\r\n\tat org.openqa.selenium.remote.RemoteWebElement.click(RemoteWebElement.java:83)\r\n\tat java.base/jdk.internal.reflect.NativeMethodAccessorImpl.invoke0(Native Method)\r\n\tat java.base/jdk.internal.reflect.NativeMethodAccessorImpl.invoke(NativeMethodAccessorImpl.java:62)\r\n\tat java.base/jdk.internal.reflect.DelegatingMethodAccessorImpl.invoke(DelegatingMethodAccessorImpl.java:43)\r\n\tat java.base/java.lang.reflect.Method.invoke(Method.java:567)\r\n\tat org.openqa.selenium.support.pagefactory.internal.LocatingElementHandler.invoke(LocatingElementHandler.java:51)\r\n\tat com.sun.proxy.$Proxy19.click(Unknown Source)\r\n\tat ru.steps.MainSteps.stepExitAccount(MainSteps.java:32)\r\n\tat ru.steps.ScenarioSteps.selectExit(ScenarioSteps.java:87)\r\n\tat ✽.выходим из Аккаунта(file:src/test/resources/deposit.feature:18)\r\n"},"stage":"finished","steps":[{"name":"Выходим из аккаунта","status":"broken","statusDetails":{"known":false,"muted":false,"flaky":false,"message":"unknown error: Element <div data-test-id=\"header-my-ozon-icon\" class=\"_651b6 _8f882\" data-v-febbae54=\"\">...</div> is not clickable at point (1225, 64). Other element would receive the click: <div data-v-707fc7a2=\"\" data-v-febbae54=\"\" class=\"modal-wrapper\">...</div>\n  (Session info: chrome=75.0.3770.142)\n  (Driver info: chromedriver=2.43.600210 (68dcf5eebde37173d4027fa8635e332711d2874a),platform=Windows NT 10.0.14393 x86_64) (WARNING: The server did not provide any stacktrace information)\nCommand duration or timeout: 0 milliseconds\nBuild info: version: '3.14.0', revision: 'aacccce0', time: '2018-08-02T20:19:58.91Z'\nSystem info: host: 'DESKTOP-N5I6HRK', ip: '192.168.1.71', os.name: 'Windows 10', os.arch: 'amd64', os.version: '10.0', java.version: '12.0.1'\nDriver info: org.openqa.selenium.chrome.ChromeDriver\nCapabilities {acceptInsecureCerts: false, acceptSslCerts: false, applicationCacheEnabled: false, browserConnectionEnabled: false, browserName: chrome, chrome: {chromedriverVersion: 2.43.600210 (68dcf5eebde371..., userDataDir: C:\\Users\\rbtcnbl\\AppData\\Lo...}, cssSelectorsEnabled: true, databaseEnabled: false, goog:chromeOptions: {debuggerAddress: localhost:55281}, handlesAlerts: true, hasTouchScreen: false, javascriptEnabled: true, locationContextEnabled: true, mobileEmulationEnabled: false, nativeEvents: true, networkConnectionEnabled: false, pageLoadStrategy: normal, platform: XP, platformName: XP, rotatable: false, setWindowRect: true, takesHeapSnapshot: true, takesScreenshot: true, unexpectedAlertBehaviour: , unhandledPromptBehavior: , version: 75.0.3770.142, webStorageEnabled: true}\nSession ID: 050b94388384891a4da813ef3b312391","trace":"org.openqa.selenium.WebDriverException: unknown error: Element <div data-test-id=\"header-my-ozon-icon\" class=\"_651b6 _8f882\" data-v-febbae54=\"\">...</div> is not clickable at point (1225, 64). Other element would receive the click: <div data-v-707fc7a2=\"\" data-v-febbae54=\"\" class=\"modal-wrapper\">...</div>\n  (Session info: chrome=75.0.3770.142)\n  (Driver info: chromedriver=2.43.600210 (68dcf5eebde37173d4027fa8635e332711d2874a),platform=Windows NT 10.0.14393 x86_64) (WARNING: The server did not provide any stacktrace information)\nCommand duration or timeout: 0 milliseconds\nBuild info: version: '3.14.0', revision: 'aacccce0', time: '2018-08-02T20:19:58.91Z'\nSystem info: host: 'DESKTOP-N5I6HRK', ip: '192.168.1.71', os.name: 'Windows 10', os.arch: 'amd64', os.version: '10.0', java.version: '12.0.1'\nDriver info: org.openqa.selenium.chrome.ChromeDriver\nCapabilities {acceptInsecureCerts: false, acceptSslCerts: false, applicationCacheEnabled: false, browserConnectionEnabled: false, browserName: chrome, chrome: {chromedriverVersion: 2.43.600210 (68dcf5eebde371..., userDataDir: C:\\Users\\rbtcnbl\\AppData\\Lo...}, cssSelectorsEnabled: true, databaseEnabled: false, goog:chromeOptions: {debuggerAddress: localhost:55281}, handlesAlerts: true, hasTouchScreen: false, javascriptEnabled: true, locationContextEnabled: true, mobileEmulationEnabled: false, nativeEvents: true, networkConnectionEnabled: false, pageLoadStrategy: normal, platform: XP, platformName: XP, rotatable: false, setWindowRect: true, takesHeapSnapshot: true, takesScreenshot: true, unexpectedAlertBehaviour: , unhandledPromptBehavior: , version: 75.0.3770.142, webStorageEnabled: true}\nSession ID: 050b94388384891a4da813ef3b312391\r\n\tat java.base/jdk.internal.reflect.NativeConstructorAccessorImpl.newInstance0(Native Method)\r\n\tat java.base/jdk.internal.reflect.NativeConstructorAccessorImpl.newInstance(NativeConstructorAccessorImpl.java:62)\r\n\tat java.base/jdk.internal.reflect.DelegatingConstructorAccessorImpl.newInstance(DelegatingConstructorAccessorImpl.java:45)\r\n\tat java.base/java.lang.reflect.Constructor.newInstanceWithCaller(Constructor.java:500)\r\n\tat java.base/java.lang.reflect.Constructor.newInstance(Constructor.java:481)\r\n\tat org.openqa.selenium.remote.ErrorHandler.createThrowable(ErrorHandler.java:214)\r\n\tat org.openqa.selenium.remote.ErrorHandler.throwIfResponseFailed(ErrorHandler.java:166)\r\n\tat org.openqa.selenium.remote.http.JsonHttpResponseCodec.reconstructValue(JsonHttpResponseCodec.java:40)\r\n\tat org.openqa.selenium.remote.http.AbstractHttpResponseCodec.decode(AbstractHttpResponseCodec.java:80)\r\n\tat org.openqa.selenium.remote.http.AbstractHttpResponseCodec.decode(AbstractHttpResponseCodec.java:44)\r\n\tat org.openqa.selenium.remote.HttpCommandExecutor.execute(HttpCommandExecutor.java:158)\r\n\tat org.openqa.selenium.remote.service.DriverCommandExecutor.execute(DriverCommandExecutor.java:83)\r\n\tat org.openqa.selenium.remote.RemoteWebDriver.execute(RemoteWebDriver.java:548)\r\n\tat org.openqa.selenium.remote.RemoteWebElement.execute(RemoteWebElement.java:276)\r\n\tat org.openqa.selenium.remote.RemoteWebElement.click(RemoteWebElement.java:83)\r\n\tat java.base/jdk.internal.reflect.NativeMethodAccessorImpl.invoke0(Native Method)\r\n\tat java.base/jdk.internal.reflect.NativeMethodAccessorImpl.invoke(NativeMethodAccessorImpl.java:62)\r\n\tat java.base/jdk.internal.reflect.DelegatingMethodAccessorImpl.invoke(DelegatingMethodAccessorImpl.java:43)\r\n\tat java.base/java.lang.reflect.Method.invoke(Method.java:567)\r\n\tat org.openqa.selenium.support.pagefactory.internal.LocatingElementHandler.invoke(LocatingElementHandler.java:51)\r\n\tat com.sun.proxy.$Proxy19.click(Unknown Source)\r\n\tat ru.steps.MainSteps.stepExitAccount(MainSteps.java:32)\r\n\tat ru.steps.ScenarioSteps.selectExit(ScenarioSteps.java:87)\r\n\tat java.base/jdk.internal.reflect.NativeMethodAccessorImpl.invoke0(Native Method)\r\n\tat java.base/jdk.internal.reflect.NativeMethodAccessorImpl.invoke(NativeMethodAccessorImpl.java:62)\r\n\tat java.base/jdk.internal.reflect.DelegatingMethodAccessorImpl.invoke(DelegatingMethodAccessorImpl.java:43)\r\n\tat java.base/java.lang.reflect.Method.invoke(Method.java:567)\r\n\tat cucumber.runtime.Utils$1.call(Utils.java:26)\r\n\tat cucumber.runtime.Timeout.timeout(Timeout.java:16)\r\n\tat cucumber.runtime.Utils.invoke(Utils.java:20)\r\n\tat cucumber.runtime.java.JavaStepDefinition.execute(JavaStepDefinition.java:57)\r\n\tat cucumber.runner.PickleStepDefinitionMatch.runStep(PickleStepDefinitionMatch.java:50)\r\n\tat cucumber.runner.TestStep.executeStep(TestStep.java:65)\r\n\tat cucumber.runner.TestStep.run(TestStep.java:50)\r\n\tat cucumber.runner.PickleStepTestStep.run(PickleStepTestStep.java:43)\r\n\tat cucumber.runner.TestCase.run(TestCase.java:46)\r\n\tat cucumber.runner.Runner.runPickle(Runner.java:50)\r\n\tat cucumber.runtime.junit.PickleRunners$NoStepDescriptions.run(PickleRunners.java:146)\r\n\tat cucumber.runtime.junit.FeatureRunner.runChild(FeatureRunner.java:68)\r\n\tat cucumber.runtime.junit.FeatureRunner.runChild(FeatureRunner.java:23)\r\n\tat org.junit.runners.ParentRunner$3.run(ParentRunner.java:290)\r\n\tat org.junit.runners.ParentRunner$1.schedule(ParentRunner.java:71)\r\n\tat org.junit.runners.ParentRunner.runChildren(ParentRunner.java:288)\r\n\tat org.junit.runners.ParentRunner.access$000(ParentRunner.java:58)\r\n\tat org.junit.runners.ParentRunner$2.evaluate(ParentRunner.java:268)\r\n\tat org.junit.runners.ParentRunner.run(ParentRunner.java:363)\r\n\tat cucumber.runtime.junit.FeatureRunner.run(FeatureRunner.java:73)\r\n\tat cucumber.api.junit.Cucumber.runChild(Cucumber.java:126)\r\n\tat cucumber.api.junit.Cucumber.runChild(Cucumber.java:66)\r\n\tat org.junit.runners.ParentRunner$3.run(ParentRunner.java:290)\r\n\tat org.junit.runners.ParentRunner$1.schedule(ParentRunner.java:71)\r\n\tat org.junit.runners.ParentRunner.runChildren(ParentRunner.java:288)\r\n\tat org.junit.runners.ParentRunner.access$000(ParentRunner.java:58)\r\n\tat org.junit.runners.ParentRunner$2.evaluate(ParentRunner.java:268)\r\n\tat cucumber.api.junit.Cucumber$RunCucumber.evaluate(Cucumber.java:156)\r\n\tat org.junit.runners.ParentRunner.run(ParentRunner.java:363)\r\n\tat org.apache.maven.surefire.junit4.JUnit4Provider.execute(JUnit4Provider.java:367)\r\n\tat org.apache.maven.surefire.junit4.JUnit4Provider.executeWithRerun(JUnit4Provider.java:274)\r\n\tat org.apache.maven.surefire.junit4.JUnit4Provider.executeTestSet(JUnit4Provider.java:238)\r\n\tat org.apache.maven.surefire.junit4.JUnit4Provider.invoke(JUnit4Provider.java:161)\r\n\tat org.apache.maven.surefire.booter.ForkedBooter.invokeProviderInSameClassLoader(ForkedBooter.java:290)\r\n\tat org.apache.maven.surefire.booter.ForkedBooter.runSuitesInProcess(ForkedBooter.java:242)\r\n\tat org.apache.maven.surefire.booter.ForkedBooter.main(ForkedBooter.java:121)\r\n"},"stage":"finished","steps":[],"attachments":[],"parameters":[],"start":1564383560693,"stop":1564383560760}],"attachments":[],"parameters":[],"start":1564383560693,"stop":1564383560762},{"name":"*  выполняем Авторизацию","status":"skipped","statusDetails":{"known":false,"muted":false,"flaky":false},"stage":"finished","steps":[],"attachments":[],"parameters":[],"start":1564383560762,"stop":1564383560763},{"name":"*  вводим в поле \"Почта\" значение \"kirusha.men@mail.ru\"","status":"skipped","statusDetails":{"known":false,"muted":false,"flaky":false},"stage":"finished","steps":[],"attachments":[],"parameters":[],"start":1564383560763,"stop":1564383560763},{"name":"*  вводим в \"Пароль\" значение \"iq93ee78iq\"","status":"skipped","statusDetails":{"known":false,"muted":false,"flaky":false},"stage":"finished","steps":[],"attachments":[],"parameters":[],"start":1564383560763,"stop":1564383560763},{"name":"*  проверяем очистилась ли корзина","status":"skipped","statusDetails":{"known":false,"muted":false,"flaky":false},"stage":"finished","steps":[],"attachments":[],"parameters":[],"start":1564383560764,"stop":1564383560764}],"attachments":[],"parameters":[],"start":1564383538800,"stop":1564383562652,"uuid":"48b75c85-1230-4330-a46f-45dfe5625e18","historyId":"de946a1d3d948651d9d32d68cdbd069a","fullName":"Покупка в интернет магазине: 1 - Покупка iphone","labels":[{"name":"host","value":"DESKTOP-N5I6HRK"},{"name":"thread","value":"19176@DESKTOP-N5I6HRK.main(1)"},{"name":"feature","value":"Покупка в интернет магазине"},{"name":"story","value":"1 - Покупка iphone"},{"name":"package","value":"src.test.resources.Покупка в интернет магазине"},{"name":"suite","value":"Покупка в интернет магазине"},{"name":"testClass","value":"1 - Покупка iphone"},{"name":"framework","value":"cucumber4jvm"},{"name":"language","value":"java"},{"name":"gherkin_uri","value":"file:src/test/resources/deposit.feature"}],"links":[]}