<?xml version="1.0" encoding="UTF-8"?>
<testsuite xmlns:xsi="http://www.w3.org/2001/XMLSchema-instance" xsi:schemaLocation="https://maven.apache.org/surefire/maven-surefire-plugin/xsd/surefire-test-report.xsd" name="CucumberRunner" time="54.819" tests="2" errors="2" skipped="0" failures="0">
  <properties>
    <property name="java.runtime.name" value="Java(TM) SE Runtime Environment"/>
    <property name="java.vm.version" value="12.0.1+12"/>
    <property name="sun.boot.library.path" value="C:\Program Files\Java\jdk-12.0.1\bin"/>
    <property name="maven.multiModuleProjectDirectory" value="C:\Users\rbtcnbl\IdeaProjects\ozonCucumber"/>
    <property name="java.vm.vendor" value="Oracle Corporation"/>
    <property name="java.vendor.url" value="https://java.oracle.com/"/>
    <property name="guice.disable.misplaced.annotation.check" value="true"/>
    <property name="path.separator" value=";"/>
    <property name="java.vm.name" value="Java HotSpot(TM) 64-Bit Server VM"/>
    <property name="sun.os.patch.level" value=""/>
    <property name="user.script" value=""/>
    <property name="user.country" value="RU"/>
    <property name="sun.java.launcher" value="SUN_STANDARD"/>
    <property name="java.vm.specification.name" value="Java Virtual Machine Specification"/>
    <property name="user.dir" value="C:\Users\rbtcnbl\IdeaProjects\ozonCucumber"/>
    <property name="java.vm.compressedOopsMode" value="32-bit"/>
    <property name="java.runtime.version" value="12.0.1+12"/>
    <property name="java.awt.graphicsenv" value="sun.awt.Win32GraphicsEnvironment"/>
    <property name="os.arch" value="amd64"/>
    <property name="java.io.tmpdir" value="C:\Users\rbtcnbl\AppData\Local\Temp\"/>
    <property name="line.separator" value="&#10;"/>
    <property name="java.vm.specification.vendor" value="Oracle Corporation"/>
    <property name="user.variant" value=""/>
    <property name="os.name" value="Windows 10"/>
    <property name="maven.ext.class.path" value="C:\Program Files\JetBrains\IntelliJ IDEA Community Edition 2019.2\plugins\maven\lib\maven-event-listener.jar"/>
    <property name="classworlds.conf" value="C:\Program Files\JetBrains\IntelliJ IDEA Community Edition 2019.2\plugins\maven\lib\maven3\bin\m2.conf"/>
    <property name="sun.jnu.encoding" value="Cp1251"/>
    <property name="java.library.path" value="C:\Program Files\Java\jdk-12.0.1\bin;C:\Windows\Sun\Java\bin;C:\Windows\system32;C:\Windows;C:\Program Files\JetBrains\IntelliJ IDEA Community Edition 2019.2\jbr\\bin;C:\Program Files\JetBrains\IntelliJ IDEA Community Edition 2019.2\jbr\\bin\server;C:\Program Files (x86)\Common Files\Oracle\Java\javapath;C:\Program Files\Microsoft MPI\Bin\;C:\Windows\system32;C:\Windows;C:\Windows\System32\Wbem;C:\Windows\System32\WindowsPowerShell\v1.0\;C:\Program Files (x86)\NVIDIA Corporation\PhysX\Common;C:\Program Files\dotnet\;C:\Program Files\Microsoft SQL Server\130\Tools\Binn\;C:\Program Files\Git\cmd;%M2_HOME%\bin;%JAVA_HOME%\bin;C:\Program Files\maven\bin;C:\Users\rbtcnbl\AppData\Local\Microsoft\WindowsApps;C:\Users\rbtcnbl\AppData\Local\GitHubDesktop\bin;C:\Program Files\maven\bin;."/>
    <property name="maven.conf" value="C:\Program Files\JetBrains\IntelliJ IDEA Community Edition 2019.2\plugins\maven\lib\maven3/conf"/>
    <property name="jdk.debug" value="release"/>
    <property name="java.class.version" value="56.0"/>
    <property name="java.specification.name" value="Java Platform API Specification"/>
    <property name="sun.management.compiler" value="HotSpot 64-Bit Tiered Compilers"/>
    <property name="os.version" value="10.0"/>
    <property name="user.home" value="C:\Users\rbtcnbl"/>
    <property name="user.timezone" value="Europe/Moscow"/>
    <property name="file.encoding" value="UTF-8"/>
    <property name="java.specification.version" value="12"/>
    <property name="user.name" value="rbtcnbl"/>
    <property name="java.class.path" value="C:\Program Files\JetBrains\IntelliJ IDEA Community Edition 2019.2\plugins\maven\lib\maven3\boot\plexus-classworlds-2.6.0.jar"/>
    <property name="java.vm.specification.version" value="12"/>
    <property name="sun.arch.data.model" value="64"/>
    <property name="sun.java.command" value="org.codehaus.classworlds.Launcher -Didea.version2019.2 clean install site"/>
    <property name="java.home" value="C:\Program Files\Java\jdk-12.0.1"/>
    <property name="user.language" value="ru"/>
    <property name="java.specification.vendor" value="Oracle Corporation"/>
    <property name="awt.toolkit" value="sun.awt.windows.WToolkit"/>
    <property name="java.vm.info" value="mixed mode, sharing"/>
    <property name="java.version" value="12.0.1"/>
    <property name="java.vendor" value="Oracle Corporation"/>
    <property name="maven.home" value="C:\Program Files\JetBrains\IntelliJ IDEA Community Edition 2019.2\plugins\maven\lib\maven3"/>
    <property name="file.separator" value="\"/>
    <property name="java.version.date" value="2019-04-16"/>
    <property name="idea.version2019.2" value="true"/>
    <property name="java.vendor.url.bug" value="https://bugreport.java.com/bugreport/"/>
    <property name="sun.io.unicode.encoding" value="UnicodeLittle"/>
    <property name="sun.cpu.endian" value="little"/>
    <property name="sun.desktop" value="windows"/>
    <property name="sun.cpu.isalist" value="amd64"/>
  </properties>
  <testcase name="1 - Покупка iphone" classname="Покупка в интернет магазине" time="23.958">
    <error message="unknown error: Element &lt;div data-test-id=&quot;header-my-ozon-icon&quot; class=&quot;_651b6 _8f882&quot; data-v-febbae54=&quot;&quot;&gt;...&lt;/div&gt; is not clickable at point (1225, 64). Other element would receive the click: &lt;div data-v-707fc7a2=&quot;&quot; data-v-febbae54=&quot;&quot; class=&quot;modal-wrapper&quot;&gt;...&lt;/div&gt;&#10;  (Session info: chrome=75.0.3770.142)&#10;  (Driver info: chromedriver=2.43.600210 (68dcf5eebde37173d4027fa8635e332711d2874a),platform=Windows NT 10.0.14393 x86_64) (WARNING: The server did not provide any stacktrace information)&#10;Command duration or timeout: 0 milliseconds&#10;Build info: version: &apos;3.14.0&apos;, revision: &apos;aacccce0&apos;, time: &apos;2018-08-02T20:19:58.91Z&apos;&#10;System info: host: &apos;DESKTOP-N5I6HRK&apos;, ip: &apos;192.168.1.71&apos;, os.name: &apos;Windows 10&apos;, os.arch: &apos;amd64&apos;, os.version: &apos;10.0&apos;, java.version: &apos;12.0.1&apos;&#10;Driver info: org.openqa.selenium.chrome.ChromeDriver&#10;Capabilities {acceptInsecureCerts: false, acceptSslCerts: false, applicationCacheEnabled: false, browserConnectionEnabled: false, browserName: chrome, chrome: {chromedriverVersion: 2.43.600210 (68dcf5eebde371..., userDataDir: C:\Users\rbtcnbl\AppData\Lo...}, cssSelectorsEnabled: true, databaseEnabled: false, goog:chromeOptions: {debuggerAddress: localhost:55281}, handlesAlerts: true, hasTouchScreen: false, javascriptEnabled: true, locationContextEnabled: true, mobileEmulationEnabled: false, nativeEvents: true, networkConnectionEnabled: false, pageLoadStrategy: normal, platform: XP, platformName: XP, rotatable: false, setWindowRect: true, takesHeapSnapshot: true, takesScreenshot: true, unexpectedAlertBehaviour: , unhandledPromptBehavior: , version: 75.0.3770.142, webStorageEnabled: true}&#10;Session ID: 050b94388384891a4da813ef3b312391" type="org.openqa.selenium.WebDriverException"><![CDATA[org.openqa.selenium.WebDriverException: 
unknown error: Element <div data-test-id="header-my-ozon-icon" class="_651b6 _8f882" data-v-febbae54="">...</div> is not clickable at point (1225, 64). Other element would receive the click: <div data-v-707fc7a2="" data-v-febbae54="" class="modal-wrapper">...</div>
  (Session info: chrome=75.0.3770.142)
  (Driver info: chromedriver=2.43.600210 (68dcf5eebde37173d4027fa8635e332711d2874a),platform=Windows NT 10.0.14393 x86_64) (WARNING: The server did not provide any stacktrace information)
Command duration or timeout: 0 milliseconds
Build info: version: '3.14.0', revision: 'aacccce0', time: '2018-08-02T20:19:58.91Z'
System info: host: 'DESKTOP-N5I6HRK', ip: '192.168.1.71', os.name: 'Windows 10', os.arch: 'amd64', os.version: '10.0', java.version: '12.0.1'
Driver info: org.openqa.selenium.chrome.ChromeDriver
Capabilities {acceptInsecureCerts: false, acceptSslCerts: false, applicationCacheEnabled: false, browserConnectionEnabled: false, browserName: chrome, chrome: {chromedriverVersion: 2.43.600210 (68dcf5eebde371..., userDataDir: C:\Users\rbtcnbl\AppData\Lo...}, cssSelectorsEnabled: true, databaseEnabled: false, goog:chromeOptions: {debuggerAddress: localhost:55281}, handlesAlerts: true, hasTouchScreen: false, javascriptEnabled: true, locationContextEnabled: true, mobileEmulationEnabled: false, nativeEvents: true, networkConnectionEnabled: false, pageLoadStrategy: normal, platform: XP, platformName: XP, rotatable: false, setWindowRect: true, takesHeapSnapshot: true, takesScreenshot: true, unexpectedAlertBehaviour: , unhandledPromptBehavior: , version: 75.0.3770.142, webStorageEnabled: true}
Session ID: 050b94388384891a4da813ef3b312391
]]></error>
    <system-out><![CDATA[Функционал: Покупка в интернет магазине

  Сценарий: 1 - Покупка iphone                                          &amp#27;[90m# src/test/resources/deposit.feature:4&amp#27;[0m
    &amp#27;[32m* &amp#27;[0m&amp#27;[32mвыбран пункт меню "&amp#27;[0m&amp#27;[32m&amp#27;[1mАвторизация&amp#27;[0m&amp#27;[32m"&amp#27;[0m                                   &amp#27;[90m# ScenarioSteps.selectLk(String)&amp#27;[0m
    &amp#27;[32m* &amp#27;[0m&amp#27;[32mвыбираем вход по почте&amp#27;[0m                                            &amp#27;[90m# ScenarioSteps.selectGoToEmail()&amp#27;[0m
    &amp#27;[32m* &amp#27;[0m&amp#27;[32mзаполняем поле "&amp#27;[0m&amp#27;[32m&amp#27;[1mПочта&amp#27;[0m&amp#27;[32m" значением "&amp#27;[0m&amp#27;[32m&amp#27;[1mkirusha.men@mail.ru&amp#27;[0m&amp#27;[32m"&amp#27;[0m            &amp#27;[90m# ScenarioSteps.selectFillMail(String,String)&amp#27;[0m
    &amp#27;[32m* &amp#27;[0m&amp#27;[32mзаполняем "&amp#27;[0m&amp#27;[32m&amp#27;[1mПароль&amp#27;[0m&amp#27;[32m" значением "&amp#27;[0m&amp#27;[32m&amp#27;[1miq93ee78iq&amp#27;[0m&amp#27;[32m"&amp#27;[0m                         &amp#27;[90m# ScenarioSteps.selectFillPass(String,String)&amp#27;[0m
    &amp#27;[32m* &amp#27;[0m&amp#27;[32mнажимаем "&amp#27;[0m&amp#27;[32m&amp#27;[1mВойти&amp#27;[0m&amp#27;[32m"&amp#27;[0m                                                  &amp#27;[90m# ScenarioSteps.selectEnterBtn(String)&amp#27;[0m
    &amp#27;[32m* &amp#27;[0m&amp#27;[32mвводим в поле "&amp#27;[0m&amp#27;[32m&amp#27;[1mПоиск по Ozon&amp#27;[0m&amp#27;[32m" значение "&amp#27;[0m&amp#27;[32m&amp#27;[1miphone&amp#27;[0m&amp#27;[32m" и выполняем поиск&amp#27;[0m &amp#27;[90m# ScenarioSteps.selectSearchLine(String,String)&amp#27;[0m
    &amp#27;[32m* &amp#27;[0m&amp#27;[32mограничим "&amp#27;[0m&amp#27;[32m&amp#27;[1mМаксимальная цена&amp#27;[0m&amp#27;[32m" до "&amp#27;[0m&amp#27;[32m&amp#27;[1m60000&amp#27;[0m&amp#27;[32m"&amp#27;[0m                          &amp#27;[90m# ScenarioSteps.selectMaxPrice(String,String)&amp#27;[0m
    &amp#27;[32m* &amp#27;[0m&amp#27;[32mдобавим товары  "&amp#27;[0m&amp#27;[32m&amp#27;[1mВ корзину&amp#27;[0m&amp#27;[32m"&amp#27;[0m                                       &amp#27;[90m# ScenarioSteps.selectIphone(String)&amp#27;[0m
    &amp#27;[32m* &amp#27;[0m&amp#27;[32mвыбираем пункт  "&amp#27;[0m&amp#27;[32m&amp#27;[1mКорзина&amp#27;[0m&amp#27;[32m"&amp#27;[0m                                         &amp#27;[90m# ScenarioSteps.selectCart(String)&amp#27;[0m
    &amp#27;[32m* &amp#27;[0m&amp#27;[32mпереходим к очистке  Корзины&amp#27;[0m                                      &amp#27;[90m# ScenarioSteps.selectCleanCart()&amp#27;[0m
    &amp#27;[31m* &amp#27;[0m&amp#27;[31mвыходим из Аккаунта&amp#27;[0m                                               &amp#27;[90m# ScenarioSteps.selectExit()&amp#27;[0m
      &amp#27;[31morg.openqa.selenium.WebDriverException: unknown error: Element <div data-test-id="header-my-ozon-icon" class="_651b6 _8f882" data-v-febbae54="">...</div> is not clickable at point (1225, 64). Other element would receive the click: <div data-v-707fc7a2="" data-v-febbae54="" class="modal-wrapper">...</div>
  (Session info: chrome=75.0.3770.142)
  (Driver info: chromedriver=2.43.600210 (68dcf5eebde37173d4027fa8635e332711d2874a),platform=Windows NT 10.0.14393 x86_64) (WARNING: The server did not provide any stacktrace information)
Command duration or timeout: 0 milliseconds
Build info: version: '3.14.0', revision: 'aacccce0', time: '2018-08-02T20:19:58.91Z'
System info: host: 'DESKTOP-N5I6HRK', ip: '192.168.1.71', os.name: 'Windows 10', os.arch: 'amd64', os.version: '10.0', java.version: '12.0.1'
Driver info: org.openqa.selenium.chrome.ChromeDriver
Capabilities {acceptInsecureCerts: false, acceptSslCerts: false, applicationCacheEnabled: false, browserConnectionEnabled: false, browserName: chrome, chrome: {chromedriverVersion: 2.43.600210 (68dcf5eebde371..., userDataDir: C:\Users\rbtcnbl\AppData\Lo...}, cssSelectorsEnabled: true, databaseEnabled: false, goog:chromeOptions: {debuggerAddress: localhost:55281}, handlesAlerts: true, hasTouchScreen: false, javascriptEnabled: true, locationContextEnabled: true, mobileEmulationEnabled: false, nativeEvents: true, networkConnectionEnabled: false, pageLoadStrategy: normal, platform: XP, platformName: XP, rotatable: false, setWindowRect: true, takesHeapSnapshot: true, takesScreenshot: true, unexpectedAlertBehaviour: , unhandledPromptBehavior: , version: 75.0.3770.142, webStorageEnabled: true}
Session ID: 050b94388384891a4da813ef3b312391
	at java.base/jdk.internal.reflect.NativeConstructorAccessorImpl.newInstance0(Native Method)
	at java.base/jdk.internal.reflect.NativeConstructorAccessorImpl.newInstance(NativeConstructorAccessorImpl.java:62)
	at java.base/jdk.internal.reflect.DelegatingConstructorAccessorImpl.newInstance(DelegatingConstructorAccessorImpl.java:45)
	at java.base/java.lang.reflect.Constructor.newInstanceWithCaller(Constructor.java:500)
	at java.base/java.lang.reflect.Constructor.newInstance(Constructor.java:481)
	at org.openqa.selenium.remote.ErrorHandler.createThrowable(ErrorHandler.java:214)
	at org.openqa.selenium.remote.ErrorHandler.throwIfResponseFailed(ErrorHandler.java:166)
	at org.openqa.selenium.remote.http.JsonHttpResponseCodec.reconstructValue(JsonHttpResponseCodec.java:40)
	at org.openqa.selenium.remote.http.AbstractHttpResponseCodec.decode(AbstractHttpResponseCodec.java:80)
	at org.openqa.selenium.remote.http.AbstractHttpResponseCodec.decode(AbstractHttpResponseCodec.java:44)
	at org.openqa.selenium.remote.HttpCommandExecutor.execute(HttpCommandExecutor.java:158)
	at org.openqa.selenium.remote.service.DriverCommandExecutor.execute(DriverCommandExecutor.java:83)
	at org.openqa.selenium.remote.RemoteWebDriver.execute(RemoteWebDriver.java:548)
	at org.openqa.selenium.remote.RemoteWebElement.execute(RemoteWebElement.java:276)
	at org.openqa.selenium.remote.RemoteWebElement.click(RemoteWebElement.java:83)
	at java.base/jdk.internal.reflect.NativeMethodAccessorImpl.invoke0(Native Method)
	at java.base/jdk.internal.reflect.NativeMethodAccessorImpl.invoke(NativeMethodAccessorImpl.java:62)
	at java.base/jdk.internal.reflect.DelegatingMethodAccessorImpl.invoke(DelegatingMethodAccessorImpl.java:43)
	at java.base/java.lang.reflect.Method.invoke(Method.java:567)
	at org.openqa.selenium.support.pagefactory.internal.LocatingElementHandler.invoke(LocatingElementHandler.java:51)
	at com.sun.proxy.$Proxy19.click(Unknown Source)
	at ru.steps.MainSteps.stepExitAccount(MainSteps.java:32)
	at ru.steps.ScenarioSteps.selectExit(ScenarioSteps.java:87)
	at ?.выходим из Аккаунта(file:src/test/resources/deposit.feature:18)
&amp#27;[0m
    &amp#27;[36m* &amp#27;[0m&amp#27;[36mвыполняем Авторизацию&amp#27;[0m                                             &amp#27;[90m# ScenarioSteps.selectAutorization()&amp#27;[0m
    &amp#27;[36m* &amp#27;[0m&amp#27;[36mвводим в поле "&amp#27;[0m&amp#27;[36m&amp#27;[1mПочта&amp#27;[0m&amp#27;[36m" значение "&amp#27;[0m&amp#27;[36m&amp#27;[1mkirusha.men@mail.ru&amp#27;[0m&amp#27;[36m"&amp#27;[0m              &amp#27;[90m# ScenarioSteps.selectFillEmail(String,String)&amp#27;[0m
    &amp#27;[36m* &amp#27;[0m&amp#27;[36mвводим в "&amp#27;[0m&amp#27;[36m&amp#27;[1mПароль&amp#27;[0m&amp#27;[36m" значение "&amp#27;[0m&amp#27;[36m&amp#27;[1miq93ee78iq&amp#27;[0m&amp#27;[36m"&amp#27;[0m                           &amp#27;[90m# ScenarioSteps.selectFillPassword(String,String)&amp#27;[0m
    &amp#27;[36m* &amp#27;[0m&amp#27;[36mпроверяем очистилась ли корзина&amp#27;[0m                                   &amp#27;[90m# ScenarioSteps.selectCheckCart()&amp#27;[0m
]]></system-out>
    <system-err><![CDATA[SLF4J: Failed to load class "org.slf4j.impl.StaticLoggerBinder".
SLF4J: Defaulting to no-operation (NOP) logger implementation
SLF4J: See http://www.slf4j.org/codes.html#StaticLoggerBinder for further details.
июл. 29, 2019 9:58:58 AM cucumber.runtime.java.ObjectFactoryLoader loadSingleObjectFactory
WARNING: Use deprecated reflections to load ObjectFactory.
Starting ChromeDriver 2.43.600210 (68dcf5eebde37173d4027fa8635e332711d2874a) on port 11745
Only local connections are allowed.
июл. 29, 2019 9:59:01 AM org.openqa.selenium.remote.ProtocolHandshake createSession
INFO: Detected dialect: OSS
]]></system-err>
  </testcase>
  <testcase name="2 - Покупка беспроводных наушников" classname="Покупка в интернет магазине" time="27.868">
    <error message="stale element reference: element is not attached to the page document&#10;  (Session info: chrome=75.0.3770.142)&#10;  (Driver info: chromedriver=2.43.600210 (68dcf5eebde37173d4027fa8635e332711d2874a),platform=Windows NT 10.0.14393 x86_64) (WARNING: The server did not provide any stacktrace information)&#10;Command duration or timeout: 0 milliseconds&#10;For documentation on this error, please visit: http://seleniumhq.org/exceptions/stale_element_reference.html&#10;Build info: version: &apos;3.14.0&apos;, revision: &apos;aacccce0&apos;, time: &apos;2018-08-02T20:19:58.91Z&apos;&#10;System info: host: &apos;DESKTOP-N5I6HRK&apos;, ip: &apos;192.168.1.71&apos;, os.name: &apos;Windows 10&apos;, os.arch: &apos;amd64&apos;, os.version: &apos;10.0&apos;, java.version: &apos;12.0.1&apos;&#10;Driver info: org.openqa.selenium.chrome.ChromeDriver&#10;Capabilities {acceptInsecureCerts: false, acceptSslCerts: false, applicationCacheEnabled: false, browserConnectionEnabled: false, browserName: chrome, chrome: {chromedriverVersion: 2.43.600210 (68dcf5eebde371..., userDataDir: C:\Users\rbtcnbl\AppData\Lo...}, cssSelectorsEnabled: true, databaseEnabled: false, goog:chromeOptions: {debuggerAddress: localhost:55438}, handlesAlerts: true, hasTouchScreen: false, javascriptEnabled: true, locationContextEnabled: true, mobileEmulationEnabled: false, nativeEvents: true, networkConnectionEnabled: false, pageLoadStrategy: normal, platform: XP, platformName: XP, rotatable: false, setWindowRect: true, takesHeapSnapshot: true, takesScreenshot: true, unexpectedAlertBehaviour: , unhandledPromptBehavior: , version: 75.0.3770.142, webStorageEnabled: true}&#10;Session ID: b4e12858ea1755dd16161ea530dcd14e" type="org.openqa.selenium.StaleElementReferenceException">org.openqa.selenium.StaleElementReferenceException: 
stale element reference: element is not attached to the page document
  (Session info: chrome=75.0.3770.142)
  (Driver info: chromedriver=2.43.600210 (68dcf5eebde37173d4027fa8635e332711d2874a),platform=Windows NT 10.0.14393 x86_64) (WARNING: The server did not provide any stacktrace information)
Command duration or timeout: 0 milliseconds
For documentation on this error, please visit: http://seleniumhq.org/exceptions/stale_element_reference.html
Build info: version: '3.14.0', revision: 'aacccce0', time: '2018-08-02T20:19:58.91Z'
System info: host: 'DESKTOP-N5I6HRK', ip: '192.168.1.71', os.name: 'Windows 10', os.arch: 'amd64', os.version: '10.0', java.version: '12.0.1'
Driver info: org.openqa.selenium.chrome.ChromeDriver
Capabilities {acceptInsecureCerts: false, acceptSslCerts: false, applicationCacheEnabled: false, browserConnectionEnabled: false, browserName: chrome, chrome: {chromedriverVersion: 2.43.600210 (68dcf5eebde371..., userDataDir: C:\Users\rbtcnbl\AppData\Lo...}, cssSelectorsEnabled: true, databaseEnabled: false, goog:chromeOptions: {debuggerAddress: localhost:55438}, handlesAlerts: true, hasTouchScreen: false, javascriptEnabled: true, locationContextEnabled: true, mobileEmulationEnabled: false, nativeEvents: true, networkConnectionEnabled: false, pageLoadStrategy: normal, platform: XP, platformName: XP, rotatable: false, setWindowRect: true, takesHeapSnapshot: true, takesScreenshot: true, unexpectedAlertBehaviour: , unhandledPromptBehavior: , version: 75.0.3770.142, webStorageEnabled: true}
Session ID: b4e12858ea1755dd16161ea530dcd14e
</error>
    <system-out><![CDATA[
  Сценарий: 2 - Покупка беспроводных наушников                            &amp#27;[90m# src/test/resources/deposit.feature:26&amp#27;[0m
    &amp#27;[32m* &amp#27;[0m&amp#27;[32mвыбран пункт меню "&amp#27;[0m&amp#27;[32m&amp#27;[1mАвторизация&amp#27;[0m&amp#27;[32m"&amp#27;[0m                                     &amp#27;[90m# ScenarioSteps.selectLk(String)&amp#27;[0m
    &amp#27;[32m* &amp#27;[0m&amp#27;[32mвыбираем вход по почте&amp#27;[0m                                              &amp#27;[90m# ScenarioSteps.selectGoToEmail()&amp#27;[0m
    &amp#27;[32m* &amp#27;[0m&amp#27;[32mзаполняем поле "&amp#27;[0m&amp#27;[32m&amp#27;[1mПочта&amp#27;[0m&amp#27;[32m" значением "&amp#27;[0m&amp#27;[32m&amp#27;[1mkirusha.men@mail.ru&amp#27;[0m&amp#27;[32m"&amp#27;[0m              &amp#27;[90m# ScenarioSteps.selectFillMail(String,String)&amp#27;[0m
    &amp#27;[32m* &amp#27;[0m&amp#27;[32mзаполняем "&amp#27;[0m&amp#27;[32m&amp#27;[1mПароль&amp#27;[0m&amp#27;[32m" значением "&amp#27;[0m&amp#27;[32m&amp#27;[1miq93ee78iq&amp#27;[0m&amp#27;[32m"&amp#27;[0m                           &amp#27;[90m# ScenarioSteps.selectFillPass(String,String)&amp#27;[0m
    &amp#27;[32m* &amp#27;[0m&amp#27;[32mнажимаем "&amp#27;[0m&amp#27;[32m&amp#27;[1mВойти&amp#27;[0m&amp#27;[32m"&amp#27;[0m                                                    &amp#27;[90m# ScenarioSteps.selectEnterBtn(String)&amp#27;[0m
    &amp#27;[32m* &amp#27;[0m&amp#27;[32mвводим в поле "&amp#27;[0m&amp#27;[32m&amp#27;[1mПоиск по Ozon&amp#27;[0m&amp#27;[32m" значение "&amp#27;[0m&amp#27;[32m&amp#27;[1mнаушники&amp#27;[0m&amp#27;[32m" и выполняем поиск&amp#27;[0m &amp#27;[90m# ScenarioSteps.selectSearchLine(String,String)&amp#27;[0m
    &amp#27;[32m* &amp#27;[0m&amp#27;[32mограничим "&amp#27;[0m&amp#27;[32m&amp#27;[1mМаксимальная цена&amp#27;[0m&amp#27;[32m" до "&amp#27;[0m&amp#27;[32m&amp#27;[1m10000&amp#27;[0m&amp#27;[32m"&amp#27;[0m                            &amp#27;[90m# ScenarioSteps.selectMaxPrice(String,String)&amp#27;[0m
    &amp#27;[31m* &amp#27;[0m&amp#27;[31mдобавим товар  "&amp#27;[0m&amp#27;[31m&amp#27;[1mВ корзину&amp#27;[0m&amp#27;[31m"&amp#27;[0m                                          &amp#27;[90m# ScenarioSteps.selectHead(String)&amp#27;[0m
      &amp#27;[31morg.openqa.selenium.StaleElementReferenceException: stale element reference: element is not attached to the page document
  (Session info: chrome=75.0.3770.142)
  (Driver info: chromedriver=2.43.600210 (68dcf5eebde37173d4027fa8635e332711d2874a),platform=Windows NT 10.0.14393 x86_64) (WARNING: The server did not provide any stacktrace information)
Command duration or timeout: 0 milliseconds
For documentation on this error, please visit: http://seleniumhq.org/exceptions/stale_element_reference.html
Build info: version: '3.14.0', revision: 'aacccce0', time: '2018-08-02T20:19:58.91Z'
System info: host: 'DESKTOP-N5I6HRK', ip: '192.168.1.71', os.name: 'Windows 10', os.arch: 'amd64', os.version: '10.0', java.version: '12.0.1'
Driver info: org.openqa.selenium.chrome.ChromeDriver
Capabilities {acceptInsecureCerts: false, acceptSslCerts: false, applicationCacheEnabled: false, browserConnectionEnabled: false, browserName: chrome, chrome: {chromedriverVersion: 2.43.600210 (68dcf5eebde371..., userDataDir: C:\Users\rbtcnbl\AppData\Lo...}, cssSelectorsEnabled: true, databaseEnabled: false, goog:chromeOptions: {debuggerAddress: localhost:55438}, handlesAlerts: true, hasTouchScreen: false, javascriptEnabled: true, locationContextEnabled: true, mobileEmulationEnabled: false, nativeEvents: true, networkConnectionEnabled: false, pageLoadStrategy: normal, platform: XP, platformName: XP, rotatable: false, setWindowRect: true, takesHeapSnapshot: true, takesScreenshot: true, unexpectedAlertBehaviour: , unhandledPromptBehavior: , version: 75.0.3770.142, webStorageEnabled: true}
Session ID: b4e12858ea1755dd16161ea530dcd14e
	at java.base/jdk.internal.reflect.NativeConstructorAccessorImpl.newInstance0(Native Method)
	at java.base/jdk.internal.reflect.NativeConstructorAccessorImpl.newInstance(NativeConstructorAccessorImpl.java:62)
	at java.base/jdk.internal.reflect.DelegatingConstructorAccessorImpl.newInstance(DelegatingConstructorAccessorImpl.java:45)
	at java.base/java.lang.reflect.Constructor.newInstanceWithCaller(Constructor.java:500)
	at java.base/java.lang.reflect.Constructor.newInstance(Constructor.java:481)
	at org.openqa.selenium.remote.ErrorHandler.createThrowable(ErrorHandler.java:214)
	at org.openqa.selenium.remote.ErrorHandler.throwIfResponseFailed(ErrorHandler.java:166)
	at org.openqa.selenium.remote.http.JsonHttpResponseCodec.reconstructValue(JsonHttpResponseCodec.java:40)
	at org.openqa.selenium.remote.http.AbstractHttpResponseCodec.decode(AbstractHttpResponseCodec.java:80)
	at org.openqa.selenium.remote.http.AbstractHttpResponseCodec.decode(AbstractHttpResponseCodec.java:44)
	at org.openqa.selenium.remote.HttpCommandExecutor.execute(HttpCommandExecutor.java:158)
	at org.openqa.selenium.remote.service.DriverCommandExecutor.execute(DriverCommandExecutor.java:83)
	at org.openqa.selenium.remote.RemoteWebDriver.execute(RemoteWebDriver.java:548)
	at org.openqa.selenium.remote.RemoteWebElement.execute(RemoteWebElement.java:276)
	at org.openqa.selenium.remote.RemoteWebElement.click(RemoteWebElement.java:83)
	at ru.pages.BaseObjectPage.scrollAndClick(BaseObjectPage.java:60)
	at ru.steps.MarketSteps.stepChoisHead(MarketSteps.java:50)
	at ru.steps.ScenarioSteps.selectHead(ScenarioSteps.java:69)
	at ?.добавим товар  "В корзину"(file:src/test/resources/deposit.feature:37)
&amp#27;[0m
    &amp#27;[36m* &amp#27;[0m&amp#27;[36mвыбираем пункт  "&amp#27;[0m&amp#27;[36m&amp#27;[1mКорзина&amp#27;[0m&amp#27;[36m"&amp#27;[0m                                           &amp#27;[90m# ScenarioSteps.selectCart(String)&amp#27;[0m
    &amp#27;[36m* &amp#27;[0m&amp#27;[36mпереходим к очистке  Корзины&amp#27;[0m                                        &amp#27;[90m# ScenarioSteps.selectCleanCart()&amp#27;[0m
    &amp#27;[36m* &amp#27;[0m&amp#27;[36mвыходим из Аккаунта&amp#27;[0m                                                 &amp#27;[90m# ScenarioSteps.selectExit()&amp#27;[0m
    &amp#27;[36m* &amp#27;[0m&amp#27;[36mвыполняем Авторизацию&amp#27;[0m                                               &amp#27;[90m# ScenarioSteps.selectAutorization()&amp#27;[0m
    &amp#27;[36m* &amp#27;[0m&amp#27;[36mвводим в поле "&amp#27;[0m&amp#27;[36m&amp#27;[1mПочта&amp#27;[0m&amp#27;[36m" значение "&amp#27;[0m&amp#27;[36m&amp#27;[1mkirusha.men@mail.ru&amp#27;[0m&amp#27;[36m"&amp#27;[0m                &amp#27;[90m# ScenarioSteps.selectFillEmail(String,String)&amp#27;[0m
    &amp#27;[36m* &amp#27;[0m&amp#27;[36mвводим в "&amp#27;[0m&amp#27;[36m&amp#27;[1mПароль&amp#27;[0m&amp#27;[36m" значение "&amp#27;[0m&amp#27;[36m&amp#27;[1miq93ee78iq&amp#27;[0m&amp#27;[36m"&amp#27;[0m                             &amp#27;[90m# ScenarioSteps.selectFillPassword(String,String)&amp#27;[0m
    &amp#27;[36m* &amp#27;[0m&amp#27;[36mпроверяем очистилась ли корзина&amp#27;[0m                                     &amp#27;[90m# ScenarioSteps.selectCheckCart()&amp#27;[0m
]]></system-out>
    <system-err><![CDATA[Starting ChromeDriver 2.43.600210 (68dcf5eebde37173d4027fa8635e332711d2874a) on port 45963
Only local connections are allowed.
июл. 29, 2019 9:59:26 AM org.openqa.selenium.remote.ProtocolHandshake createSession
INFO: Detected dialect: OSS
]]></system-err>
  </testcase>
</testsuite>